<?xml version="1.0" encoding="UTF-8"?>
<testsuite name="com.localhost.assertionexample.AssertionExamples" time="3.203" tests="10" errors="0" skipped="0" failures="5">
  <properties>
[...]
</properties>
  <testcase name="test001" classname="com.localhost.assertionexample.AssertionExamples" time="2.549">
    <failure message="1 expectation failed.&#10;JSON path total doesn&apos;t match.&#10;Expected: &lt;1561&gt;&#10;  Actual: 1564&#10;" type="java.lang.AssertionError"><![CDATA[java.lang.AssertionError: 1 expectation failed.
JSON path total doesn't match.
Expected: <1561>
  Actual: 1564

	at sun.reflect.NativeConstructorAccessorImpl.newInstance0(Native Method)
	at sun.reflect.NativeConstructorAccessorImpl.newInstance(NativeConstructorAccessorImpl.java:62)
	at sun.reflect.DelegatingConstructorAccessorImpl.newInstance(DelegatingConstructorAccessorImpl.java:45)
	at java.lang.reflect.Constructor.newInstance(Constructor.java:423)
	at org.codehaus.groovy.reflection.CachedConstructor.invoke(CachedConstructor.java:83)
	at org.codehaus.groovy.reflection.CachedConstructor.doConstructorInvoke(CachedConstructor.java:77)
	at org.codehaus.groovy.runtime.callsite.ConstructorSite$ConstructorSiteNoUnwrap.callConstructor(ConstructorSite.java:84)
	at org.codehaus.groovy.runtime.callsite.CallSiteArray.defaultCallConstructor(CallSiteArray.java:60)
	at org.codehaus.groovy.runtime.callsite.AbstractCallSite.callConstructor(AbstractCallSite.java:235)
	at org.codehaus.groovy.runtime.callsite.AbstractCallSite.callConstructor(AbstractCallSite.java:247)
	at io.restassured.internal.ResponseSpecificationImpl$HamcrestAssertionClosure.validate(ResponseSpecificationImpl.groovy:471)
	at io.restassured.internal.ResponseSpecificationImpl$HamcrestAssertionClosure$validate$1.call(Unknown Source)
	at io.restassured.internal.ResponseSpecificationImpl.validateResponseIfRequired(ResponseSpecificationImpl.groovy:636)
	at sun.reflect.NativeMethodAccessorImpl.invoke0(Native Method)
	at sun.reflect.NativeMethodAccessorImpl.invoke(NativeMethodAccessorImpl.java:62)
	at sun.reflect.DelegatingMethodAccessorImpl.invoke(DelegatingMethodAccessorImpl.java:43)
	at java.lang.reflect.Method.invoke(Method.java:498)
	at org.codehaus.groovy.runtime.callsite.PogoMetaMethodSite$PogoCachedMethodSiteNoUnwrapNoCoerce.invoke(PogoMetaMethodSite.java:210)
	at org.codehaus.groovy.runtime.callsite.PogoMetaMethodSite.callCurrent(PogoMetaMethodSite.java:59)
	at org.codehaus.groovy.runtime.callsite.CallSiteArray.defaultCallCurrent(CallSiteArray.java:52)
	at org.codehaus.groovy.runtime.callsite.AbstractCallSite.callCurrent(AbstractCallSite.java:154)
	at org.codehaus.groovy.runtime.callsite.AbstractCallSite.callCurrent(AbstractCallSite.java:166)
	at io.restassured.internal.ResponseSpecificationImpl.content(ResponseSpecificationImpl.groovy:265)
	at io.restassured.specification.ResponseSpecification$content$1.callCurrent(Unknown Source)
	at org.codehaus.groovy.runtime.callsite.CallSiteArray.defaultCallCurrent(CallSiteArray.java:52)
	at org.codehaus.groovy.runtime.callsite.AbstractCallSite.callCurrent(AbstractCallSite.java:154)
	at org.codehaus.groovy.runtime.callsite.AbstractCallSite.callCurrent(AbstractCallSite.java:190)
	at io.restassured.internal.ResponseSpecificationImpl.body(ResponseSpecificationImpl.groovy:248)
	at io.restassured.internal.ValidatableResponseOptionsImpl.body(ValidatableResponseOptionsImpl.java:268)
	at com.localhost.assertionexample.AssertionExamples.test001(AssertionExamples.java:33)
]]></failure>
  </testcase>
  <testcase name="test002" classname="com.localhost.assertionexample.AssertionExamples" time="0.011"/>
  <testcase name="test003" classname="com.localhost.assertionexample.AssertionExamples" time="0.067"/>
  <testcase name="test004" classname="com.localhost.assertionexample.AssertionExamples" time="0.214"/>
  <testcase name="test005" classname="com.localhost.assertionexample.AssertionExamples" time="0.163">
    <failure message="1 expectation failed.&#10;JSON path data[2].services[1].storeservices.storeId doesn&apos;t match.&#10;Expected: 7&#10;  Actual: 8&#10;" type="java.lang.AssertionError">java.lang.AssertionError: 1 expectation failed.
JSON path data[2].services[1].storeservices.storeId doesn't match.
Expected: 7
  Actual: 8

	at sun.reflect.NativeConstructorAccessorImpl.newInstance0(Native Method)
	at sun.reflect.NativeConstructorAccessorImpl.newInstance(NativeConstructorAccessorImpl.java:62)
	at sun.reflect.DelegatingConstructorAccessorImpl.newInstance(DelegatingConstructorAccessorImpl.java:45)
	at java.lang.reflect.Constructor.newInstance(Constructor.java:423)
	at org.codehaus.groovy.reflection.CachedConstructor.invoke(CachedConstructor.java:83)
	at org.codehaus.groovy.reflection.CachedConstructor.doConstructorInvoke(CachedConstructor.java:77)
	at org.codehaus.groovy.runtime.callsite.ConstructorSite$ConstructorSiteNoUnwrap.callConstructor(ConstructorSite.java:84)
	at org.codehaus.groovy.runtime.callsite.AbstractCallSite.callConstructor(AbstractCallSite.java:247)
	at io.restassured.internal.ResponseSpecificationImpl$HamcrestAssertionClosure.validate(ResponseSpecificationImpl.groovy:471)
	at io.restassured.internal.ResponseSpecificationImpl$HamcrestAssertionClosure$validate$1.call(Unknown Source)
	at io.restassured.internal.ResponseSpecificationImpl.validateResponseIfRequired(ResponseSpecificationImpl.groovy:636)
	at sun.reflect.NativeMethodAccessorImpl.invoke0(Native Method)
	at sun.reflect.NativeMethodAccessorImpl.invoke(NativeMethodAccessorImpl.java:62)
	at sun.reflect.DelegatingMethodAccessorImpl.invoke(DelegatingMethodAccessorImpl.java:43)
	at java.lang.reflect.Method.invoke(Method.java:498)
	at org.codehaus.groovy.runtime.callsite.PogoMetaMethodSite$PogoCachedMethodSiteNoUnwrapNoCoerce.invoke(PogoMetaMethodSite.java:210)
	at org.codehaus.groovy.runtime.callsite.PogoMetaMethodSite.callCurrent(PogoMetaMethodSite.java:59)
	at org.codehaus.groovy.runtime.callsite.AbstractCallSite.callCurrent(AbstractCallSite.java:166)
	at io.restassured.internal.ResponseSpecificationImpl.content(ResponseSpecificationImpl.groovy:265)
	at io.restassured.specification.ResponseSpecification$content$1.callCurrent(Unknown Source)
	at org.codehaus.groovy.runtime.callsite.CallSiteArray.defaultCallCurrent(CallSiteArray.java:52)
	at io.restassured.specification.ResponseSpecification$content$1.callCurrent(Unknown Source)
	at io.restassured.internal.ResponseSpecificationImpl.body(ResponseSpecificationImpl.groovy:248)
	at io.restassured.internal.ValidatableResponseOptionsImpl.body(ValidatableResponseOptionsImpl.java:268)
	at com.localhost.assertionexample.AssertionExamples.test005(AssertionExamples.java:59)
</failure>
  </testcase>
  <testcase name="test006" classname="com.localhost.assertionexample.AssertionExamples" time="0.05">
    <failure message="1 expectation failed.&#10;JSON path data[1].services.storeservices doesn&apos;t match.&#10;Expected: map containing [&quot;createdAt&quot;-&gt;ANYTHING]&#10;  Actual: [{createdAt=2016-11-17T17:57:09.417Z, storeId=7, serviceId=1, updatedAt=2016-11-17T17:57:09.417Z}, {createdAt=2016-11-17T17:57:09.417Z, storeId=7, serviceId=2, updatedAt=2016-11-17T17:57:09.417Z}, {createdAt=2016-11-17T17:57:09.417Z, storeId=7, serviceId=3, updatedAt=2016-11-17T17:57:09.417Z}, {createdAt=2016-11-17T17:57:09.417Z, storeId=7, serviceId=4, updatedAt=2016-11-17T17:57:09.417Z}, {createdAt=2016-11-17T17:57:09.417Z, storeId=7, serviceId=6, updatedAt=2016-11-17T17:57:09.417Z}, {createdAt=2016-11-17T17:57:09.417Z, storeId=7, serviceId=7, updatedAt=2016-11-17T17:57:09.417Z}, {createdAt=2016-11-17T17:57:09.417Z, storeId=7, serviceId=8, updatedAt=2016-11-17T17:57:09.417Z}, {createdAt=2016-11-17T17:57:09.417Z, storeId=7, serviceId=10, updatedAt=2016-11-17T17:57:09.417Z}, {createdAt=2016-11-17T17:57:09.417Z, storeId=7, serviceId=11, updatedAt=2016-11-17T17:57:09.417Z}, {createdAt=2016-11-17T17:57:09.417Z, storeId=7, serviceId=12, updatedAt=2016-11-17T17:57:09.417Z}, {createdAt=2016-11-17T17:57:09.417Z, storeId=7, serviceId=15, updatedAt=2016-11-17T17:57:09.417Z}, {createdAt=2016-11-17T17:57:09.417Z, storeId=7, serviceId=18, updatedAt=2016-11-17T17:57:09.417Z}, {createdAt=2016-11-17T17:57:09.417Z, storeId=7, serviceId=19, updatedAt=2016-11-17T17:57:09.417Z}]&#10;" type="java.lang.AssertionError">java.lang.AssertionError: 1 expectation failed.
JSON path data[1].services.storeservices doesn't match.
Expected: map containing ["createdAt"->ANYTHING]
  Actual: [{createdAt=2016-11-17T17:57:09.417Z, storeId=7, serviceId=1, updatedAt=2016-11-17T17:57:09.417Z}, {createdAt=2016-11-17T17:57:09.417Z, storeId=7, serviceId=2, updatedAt=2016-11-17T17:57:09.417Z}, {createdAt=2016-11-17T17:57:09.417Z, storeId=7, serviceId=3, updatedAt=2016-11-17T17:57:09.417Z}, {createdAt=2016-11-17T17:57:09.417Z, storeId=7, serviceId=4, updatedAt=2016-11-17T17:57:09.417Z}, {createdAt=2016-11-17T17:57:09.417Z, storeId=7, serviceId=6, updatedAt=2016-11-17T17:57:09.417Z}, {createdAt=2016-11-17T17:57:09.417Z, storeId=7, serviceId=7, updatedAt=2016-11-17T17:57:09.417Z}, {createdAt=2016-11-17T17:57:09.417Z, storeId=7, serviceId=8, updatedAt=2016-11-17T17:57:09.417Z}, {createdAt=2016-11-17T17:57:09.417Z, storeId=7, serviceId=10, updatedAt=2016-11-17T17:57:09.417Z}, {createdAt=2016-11-17T17:57:09.417Z, storeId=7, serviceId=11, updatedAt=2016-11-17T17:57:09.417Z}, {createdAt=2016-11-17T17:57:09.417Z, storeId=7, serviceId=12, updatedAt=2016-11-17T17:57:09.417Z}, {createdAt=2016-11-17T17:57:09.417Z, storeId=7, serviceId=15, updatedAt=2016-11-17T17:57:09.417Z}, {createdAt=2016-11-17T17:57:09.417Z, storeId=7, serviceId=18, updatedAt=2016-11-17T17:57:09.417Z}, {createdAt=2016-11-17T17:57:09.417Z, storeId=7, serviceId=19, updatedAt=2016-11-17T17:57:09.417Z}]

	at sun.reflect.NativeConstructorAccessorImpl.newInstance0(Native Method)
	at sun.reflect.NativeConstructorAccessorImpl.newInstance(NativeConstructorAccessorImpl.java:62)
	at sun.reflect.DelegatingConstructorAccessorImpl.newInstance(DelegatingConstructorAccessorImpl.java:45)
	at java.lang.reflect.Constructor.newInstance(Constructor.java:423)
	at org.codehaus.groovy.reflection.CachedConstructor.invoke(CachedConstructor.java:83)
	at org.codehaus.groovy.reflection.CachedConstructor.doConstructorInvoke(CachedConstructor.java:77)
	at org.codehaus.groovy.runtime.callsite.ConstructorSite$ConstructorSiteNoUnwrap.callConstructor(ConstructorSite.java:84)
	at org.codehaus.groovy.runtime.callsite.AbstractCallSite.callConstructor(AbstractCallSite.java:247)
	at io.restassured.internal.ResponseSpecificationImpl$HamcrestAssertionClosure.validate(ResponseSpecificationImpl.groovy:471)
	at io.restassured.internal.ResponseSpecificationImpl$HamcrestAssertionClosure$validate$1.call(Unknown Source)
	at io.restassured.internal.ResponseSpecificationImpl.validateResponseIfRequired(ResponseSpecificationImpl.groovy:636)
	at sun.reflect.NativeMethodAccessorImpl.invoke0(Native Method)
	at sun.reflect.NativeMethodAccessorImpl.invoke(NativeMethodAccessorImpl.java:62)
	at sun.reflect.DelegatingMethodAccessorImpl.invoke(DelegatingMethodAccessorImpl.java:43)
	at java.lang.reflect.Method.invoke(Method.java:498)
	at org.codehaus.groovy.runtime.callsite.PogoMetaMethodSite$PogoCachedMethodSiteNoUnwrapNoCoerce.invoke(PogoMetaMethodSite.java:210)
	at org.codehaus.groovy.runtime.callsite.PogoMetaMethodSite.callCurrent(PogoMetaMethodSite.java:59)
	at org.codehaus.groovy.runtime.callsite.AbstractCallSite.callCurrent(AbstractCallSite.java:166)
	at io.restassured.internal.ResponseSpecificationImpl.content(ResponseSpecificationImpl.groovy:265)
	at io.restassured.specification.ResponseSpecification$content$1.callCurrent(Unknown Source)
	at org.codehaus.groovy.runtime.callsite.CallSiteArray.defaultCallCurrent(CallSiteArray.java:52)
	at io.restassured.specification.ResponseSpecification$content$1.callCurrent(Unknown Source)
	at io.restassured.internal.ResponseSpecificationImpl.body(ResponseSpecificationImpl.groovy:248)
	at io.restassured.internal.ValidatableResponseOptionsImpl.body(ValidatableResponseOptionsImpl.java:268)
	at com.localhost.assertionexample.AssertionExamples.test006(AssertionExamples.java:64)
</failure>
  </testcase>
  <testcase name="test007" classname="com.localhost.assertionexample.AssertionExamples" time="0.041"/>
  <testcase name="test008" classname="com.localhost.assertionexample.AssertionExamples" time="0.023">
    <failure message="1 expectation failed.&#10;JSON path data[8].name doesn&apos;t match.&#10;Expected: Rochester&#10;  Actual: Oakdale&#10;" type="java.lang.AssertionError">java.lang.AssertionError: 1 expectation failed.
JSON path data[8].name doesn't match.
Expected: Rochester
  Actual: Oakdale

	at sun.reflect.NativeConstructorAccessorImpl.newInstance0(Native Method)
	at sun.reflect.NativeConstructorAccessorImpl.newInstance(NativeConstructorAccessorImpl.java:62)
	at sun.reflect.DelegatingConstructorAccessorImpl.newInstance(DelegatingConstructorAccessorImpl.java:45)
	at java.lang.reflect.Constructor.newInstance(Constructor.java:423)
	at org.codehaus.groovy.reflection.CachedConstructor.invoke(CachedConstructor.java:83)
	at org.codehaus.groovy.reflection.CachedConstructor.doConstructorInvoke(CachedConstructor.java:77)
	at org.codehaus.groovy.runtime.callsite.ConstructorSite$ConstructorSiteNoUnwrap.callConstructor(ConstructorSite.java:84)
	at org.codehaus.groovy.runtime.callsite.AbstractCallSite.callConstructor(AbstractCallSite.java:247)
	at io.restassured.internal.ResponseSpecificationImpl$HamcrestAssertionClosure.validate(ResponseSpecificationImpl.groovy:471)
	at io.restassured.internal.ResponseSpecificationImpl$HamcrestAssertionClosure$validate$1.call(Unknown Source)
	at io.restassured.internal.ResponseSpecificationImpl.validateResponseIfRequired(ResponseSpecificationImpl.groovy:636)
	at sun.reflect.NativeMethodAccessorImpl.invoke0(Native Method)
	at sun.reflect.NativeMethodAccessorImpl.invoke(NativeMethodAccessorImpl.java:62)
	at sun.reflect.DelegatingMethodAccessorImpl.invoke(DelegatingMethodAccessorImpl.java:43)
	at java.lang.reflect.Method.invoke(Method.java:498)
	at org.codehaus.groovy.runtime.callsite.PogoMetaMethodSite$PogoCachedMethodSiteNoUnwrapNoCoerce.invoke(PogoMetaMethodSite.java:210)
	at org.codehaus.groovy.runtime.callsite.PogoMetaMethodSite.callCurrent(PogoMetaMethodSite.java:59)
	at org.codehaus.groovy.runtime.callsite.AbstractCallSite.callCurrent(AbstractCallSite.java:166)
	at io.restassured.internal.ResponseSpecificationImpl.content(ResponseSpecificationImpl.groovy:265)
	at io.restassured.specification.ResponseSpecification$content$1.callCurrent(Unknown Source)
	at io.restassured.internal.ResponseSpecificationImpl.body(ResponseSpecificationImpl.groovy:248)
	at io.restassured.internal.ValidatableResponseOptionsImpl.body(ValidatableResponseOptionsImpl.java:268)
	at com.localhost.assertionexample.AssertionExamples.test008(AssertionExamples.java:74)
</failure>
  </testcase>
  <testcase name="test009" classname="com.localhost.assertionexample.AssertionExamples" time="0.038">
    <failure message="1 expectation failed.&#10;JSON path data[5].services.storeservices.storeId doesn&apos;t match.&#10;Expected: a collection containing &lt;11&gt;&#10;  Actual: [12, 12, 12, 12, 12, 12, 12, 12, 12]&#10;" type="java.lang.AssertionError"><![CDATA[java.lang.AssertionError: 1 expectation failed.
JSON path data[5].services.storeservices.storeId doesn't match.
Expected: a collection containing <11>
  Actual: [12, 12, 12, 12, 12, 12, 12, 12, 12]

	at sun.reflect.NativeConstructorAccessorImpl.newInstance0(Native Method)
	at sun.reflect.NativeConstructorAccessorImpl.newInstance(NativeConstructorAccessorImpl.java:62)
	at sun.reflect.DelegatingConstructorAccessorImpl.newInstance(DelegatingConstructorAccessorImpl.java:45)
	at java.lang.reflect.Constructor.newInstance(Constructor.java:423)
	at org.codehaus.groovy.reflection.CachedConstructor.invoke(CachedConstructor.java:83)
	at org.codehaus.groovy.reflection.CachedConstructor.doConstructorInvoke(CachedConstructor.java:77)
	at org.codehaus.groovy.runtime.callsite.ConstructorSite$ConstructorSiteNoUnwrap.callConstructor(ConstructorSite.java:84)
	at org.codehaus.groovy.runtime.callsite.AbstractCallSite.callConstructor(AbstractCallSite.java:247)
	at io.restassured.internal.ResponseSpecificationImpl$HamcrestAssertionClosure.validate(ResponseSpecificationImpl.groovy:471)
	at io.restassured.internal.ResponseSpecificationImpl$HamcrestAssertionClosure$validate$1.call(Unknown Source)
	at io.restassured.internal.ResponseSpecificationImpl.validateResponseIfRequired(ResponseSpecificationImpl.groovy:636)
	at sun.reflect.NativeMethodAccessorImpl.invoke0(Native Method)
	at sun.reflect.NativeMethodAccessorImpl.invoke(NativeMethodAccessorImpl.java:62)
	at sun.reflect.DelegatingMethodAccessorImpl.invoke(DelegatingMethodAccessorImpl.java:43)
	at java.lang.reflect.Method.invoke(Method.java:498)
	at org.codehaus.groovy.runtime.callsite.PogoMetaMethodSite$PogoCachedMethodSiteNoUnwrapNoCoerce.invoke(PogoMetaMethodSite.java:210)
	at org.codehaus.groovy.runtime.callsite.PogoMetaMethodSite.callCurrent(PogoMetaMethodSite.java:59)
	at org.codehaus.groovy.runtime.callsite.AbstractCallSite.callCurrent(AbstractCallSite.java:166)
	at io.restassured.internal.ResponseSpecificationImpl.content(ResponseSpecificationImpl.groovy:265)
	at io.restassured.specification.ResponseSpecification$content$1.callCurrent(Unknown Source)
	at org.codehaus.groovy.runtime.callsite.CallSiteArray.defaultCallCurrent(CallSiteArray.java:52)
	at io.restassured.specification.ResponseSpecification$content$1.callCurrent(Unknown Source)
	at io.restassured.internal.ResponseSpecificationImpl.body(ResponseSpecificationImpl.groovy:248)
	at io.restassured.internal.ValidatableResponseOptionsImpl.body(ValidatableResponseOptionsImpl.java:268)
	at com.localhost.assertionexample.AssertionExamples.test009(AssertionExamples.java:79)
]]></failure>
  </testcase>
  <testcase name="test0010" classname="com.localhost.assertionexample.AssertionExamples" time="0.047"/>
</testsuite>