<?xml version="1.0" encoding="UTF-8"?><testsuite errors="0" failures="0" name="com.localhost.swaggerinfo.ProductCURDTestWithSteps" skipped="0" tests="4" time="0.5" timestamp="2022-06-06T23:14:23.474+01:00[Europe/London]"><testcase classname="com.localhost.swaggerinfo.ProductCURDTestWithSteps" name="This will create a new product"/><testcase classname="com.localhost.swaggerinfo.ProductCURDTestWithSteps" name="Verify if the product was added to the stock"/><testcase classname="com.localhost.swaggerinfo.ProductCURDTestWithSteps" name="Update the product information and verify updated information"/><testcase classname="com.localhost.swaggerinfo.ProductCURDTestWithSteps" name="Delete the product and verify if the product is deleted!"/></testsuite>