<?xml version="1.0" encoding="UTF-8"?><testsuite errors="0" failures="0" name="com.localhost.swaggerinfo.CategoriesCURDTestWithSteps" skipped="0" tests="4" time="9.05" timestamp="2022-06-06T23:14:11.884+01:00[Europe/London]"><testcase classname="com.localhost.swaggerinfo.CategoriesCURDTestWithSteps" name="This will create a new category"/><testcase classname="com.localhost.swaggerinfo.CategoriesCURDTestWithSteps" name="Verify if the category was added to the stock"/><testcase classname="com.localhost.swaggerinfo.CategoriesCURDTestWithSteps" name="Update the category information and verify updated categories"/><testcase classname="com.localhost.swaggerinfo.CategoriesCURDTestWithSteps" name="Delete the category and verify if the category is deleted!"/></testsuite>