<?xml version="1.0" encoding="UTF-8"?><testsuite errors="0" failures="0" name="com.localhost.swaggerinfo.StoreCURDTestWithSteps" skipped="0" tests="4" time="0.54" timestamp="2022-06-06T23:14:24.553+01:00[Europe/London]"><testcase classname="com.localhost.swaggerinfo.StoreCURDTestWithSteps" name="This will create a new store"/><testcase classname="com.localhost.swaggerinfo.StoreCURDTestWithSteps" name="Verify if the store was added to the stock"/><testcase classname="com.localhost.swaggerinfo.StoreCURDTestWithSteps" name="Update the store information and verify updated information"/><testcase classname="com.localhost.swaggerinfo.StoreCURDTestWithSteps" name="Delete the store and verify if the store is deleted!"/></testsuite>