<?xml version="1.0" encoding="UTF-8"?><testsuite errors="0" failures="0" name="com.localhost.swaggerinfo.ServiceCURDTestWithSteps" skipped="0" tests="4" time="0.36" timestamp="2022-06-06T23:14:24.085+01:00[Europe/London]"><testcase classname="com.localhost.swaggerinfo.ServiceCURDTestWithSteps" name="This will create a new Service"/><testcase classname="com.localhost.swaggerinfo.ServiceCURDTestWithSteps" name="Verify if the service was added to the stock"/><testcase classname="com.localhost.swaggerinfo.ServiceCURDTestWithSteps" name="Update the service information and verify updated services"/><testcase classname="com.localhost.swaggerinfo.ServiceCURDTestWithSteps" name="Delete the service and verify if the service is deleted!"/></testsuite>